<?xml version="1.0" encoding="UTF-8"?>
<testsuite name="ru.practic24.ServicesTest" tests="6" skipped="0" failures="0" errors="0" timestamp="2024-05-22T12:11:41" hostname="DESKTOP-VV0ANV8" time="3.765">
  <properties/>
  <testcase name="deleteSubject()" classname="ru.practic24.ServicesTest" time="3.59"/>
  <testcase name="addUser()" classname="ru.practic24.ServicesTest" time="0.051"/>
  <testcase name="getUserByName()" classname="ru.practic24.ServicesTest" time="0.017"/>
  <testcase name="deleteUser()" classname="ru.practic24.ServicesTest" time="0.012"/>
  <testcase name="getPosts()" classname="ru.practic24.ServicesTest" time="0.014"/>
  <testcase name="getUsers()" classname="ru.practic24.ServicesTest" time="0.041"/>
  <system-out><![CDATA[15:11:45.022 [Test worker] INFO  ru.practic24.UserService – saving user
15:11:45.078 [Test worker] INFO  ru.practic24.UserService – finding user by name
15:11:45.095 [Test worker] INFO  ru.practic24.UserService – deleting user
15:11:45.152 [Test worker] INFO  ru.practic24.UserService – finding all users
]]></system-out>
  <system-err><![CDATA[]]></system-err>
</testsuite>
